java -ea -Xmx1g -Xms1g -cp /home/jakob/bin/bbmap/current/ jgi.BBDuk -Xmx1g in=SRR8156056.fastq ref=~/bin/bbmap/resources/adapters.fa t=20 out=SRR8156056_trimmed.fastq ktrim=r k=23 mink=11 hdist=1 qtrim=r trimq=10
Executing jgi.BBDuk [-Xmx1g, in=SRR8156056.fastq, ref=/home/jakob/bin/bbmap/resources/adapters.fa, t=20, out=SRR8156056_trimmed.fastq, ktrim=r, k=23, mink=11, hdist=1, qtrim=r, trimq=10]
Version 38.79

Set threads to 20
maskMiddle was disabled because useShortKmers=true
0.030 seconds.
Initial:
Memory: max=1029m, total=1029m, free=984m, used=45m

Added 219105 kmers; time: 	0.129 seconds.
Memory: max=1029m, total=1029m, free=947m, used=82m

Input is being processed as unpaired
Started output streams:	0.008 seconds.
Processing time:   		13.446 seconds.

Input:                  	36693777 reads 		1834688850 bases.
QTrimmed:               	1813 reads (0.00%) 	23604 bases (0.00%)
KTrimmed:               	49981 reads (0.14%) 	1575997 bases (0.09%)
Total Removed:          	484 reads (0.00%) 	1599601 bases (0.09%)
Result:                 	36693293 reads (100.00%) 	1833089249 bases (99.91%)

Time:                         	13.587 seconds.
Reads Processed:      36693k 	2700.69k reads/sec
Bases Processed:       1834m 	135.03m bases/sec
java -ea -Xmx307235m -Xms307235m -cp /home/jakob/bin/bbmap/current/ align2.BBMap build=1 overwrite=true fastareadlen=500 in=SRR8156056_trimmed.fastq trimreaddescription=t t=20 ref=../../reference_sequences/NC_000913.3.fasta k=13 ambig=toss outm=SRR8156056.sam
Executing align2.BBMap [build=1, overwrite=true, fastareadlen=500, in=SRR8156056_trimmed.fastq, trimreaddescription=t, t=20, ref=../../reference_sequences/NC_000913.3.fasta, k=13, ambig=toss, outm=SRR8156056.sam]
Version 38.79

Set threads to 20
Ambiguously mapped reads will be considered unmapped.
NOTE:	Deleting contents of ref/genome/1 because reference is specified and overwrite=true
NOTE:	Deleting contents of ref/index/1 because reference is specified and overwrite=true
Writing reference.
Executing dna.FastaToChromArrays2 [../../reference_sequences/NC_000913.3.fasta, 1, writeinthread=false, genscaffoldinfo=true, retain, waitforwriting=false, gz=true, maxlen=536670912, writechroms=true, minscaf=1, midpad=300, startpad=8000, stoppad=8000, nodisk=false]

Set genScaffoldInfo=true
Writing chunk 1
Set genome to 1

Loaded Reference:	0.005 seconds.
Loading index for chunk 1-1, build 1
No index available; generating from reference genome: /home/jakob/oligopool_riboseq/data/wigglefiles/SRR8156056/ref/index/1/chr1_index_k13_c8_b1.block
Indexing threads started for block 0-1
Indexing threads finished for block 0-1
Generated Index:	2.815 seconds.
Analyzed Index:   	2.995 seconds.
Started output stream:	0.016 seconds.
Cleared Memory:    	1.867 seconds.
Processing reads in single-ended mode.
Started read stream.
Started 20 mapping threads.
Detecting finished threads: 0, 1, 2, 3, 4, 5, 6, 7, 8, 9, 10, 11, 12, 13, 14, 15, 16, 17, 18, 19

   ------------------   Results   ------------------   

Genome:                	1
Key Length:            	13
Max Indel:             	16000
Minimum Score Ratio:  	0.56
Mapping Mode:         	normal
Reads Used:           	36693293	(1833089249 bases)

Mapping:          	962.164 seconds.
Reads/sec:       	38136.21
kBases/sec:      	1905.17


Read 1 data:      	pct reads	num reads 	pct bases	   num bases

mapped:          	 87.4658% 	 32094080 	 87.5377% 	  1604645020
unambiguous:     	  6.4267% 	  2358177 	  6.4306% 	   117878779
ambiguous:       	 81.0391% 	 29735903 	 81.1071% 	  1486766241
low-Q discards:  	  0.0000% 	        0 	  0.0000% 	           0

perfect best site:	  0.0002% 	       74 	  0.0001% 	        1553
semiperfect site:	  0.0002% 	       74 	  0.0001% 	        1553

Match Rate:      	      NA 	       NA 	 52.8906% 	    98050128
Error Rate:      	  6.4564% 	  2358077 	 47.1084% 	    87330905
Sub Rate:        	  6.2947% 	  2299043 	  8.4242% 	    15617105
Del Rate:        	  1.5591% 	   569452 	 36.4133% 	    67504034
Ins Rate:        	  2.4375% 	   890268 	  2.2709% 	     4209766
N Rate:          	  0.0047% 	     1725 	  0.0010% 	        1780

Total time:     	970.181 seconds.
[bam_sort_core] merging from 0 files and 40 in-memory blocks...
minFragmentLength: 0
verbose: False
out_file_for_raw_data: None
numberOfSamples: None
bedFile: None
bamFilesList: ['SRR8156056.bam']
ignoreDuplicates: False
numberOfProcessors: 20
samFlag_exclude: None
save_data: False
stepSize: 1
smoothLength: None
center_read: False
defaultFragmentLength: read length
chrsToSkip: []
region: None
maxPairedFragmentLength: 1000
samFlag_include: None
binLength: 1
blackListFileName: None
maxFragmentLength: 0
minMappingQuality: None
zerosToNans: False
The file /.bam does not exist
